[debug] [2022-10-06T22:38:14.801Z] ----------------------------------------------------------------------
[debug] [2022-10-06T22:38:14.804Z] Command:       C:\Program Files\nodejs\node.exe C:\Users\joego\AppData\Roaming\npm\node_modules\firebase-tools\lib\bin\firebase.js init
[debug] [2022-10-06T22:38:14.804Z] CLI Version:   11.2.0
[debug] [2022-10-06T22:38:14.804Z] Platform:      win32
[debug] [2022-10-06T22:38:14.804Z] Node Version:  v16.17.0
[debug] [2022-10-06T22:38:14.806Z] Time:          Thu Oct 06 2022 18:38:14 GMT-0400 (Venezuela Time)
[debug] [2022-10-06T22:38:14.806Z] ----------------------------------------------------------------------
[debug] 
[debug] [2022-10-06T22:38:14.810Z] >>> [apiv2][query] GET https://firebase-public.firebaseio.com/cli.json [none]
[debug] [2022-10-06T22:38:14.839Z] > command requires scopes: ["email","openid","https://www.googleapis.com/auth/cloudplatformprojects.readonly","https://www.googleapis.com/auth/firebase","https://www.googleapis.com/auth/cloud-platform"]
[debug] [2022-10-06T22:38:14.840Z] > authorizing via signed-in user (jgonzar09@gmail.com)
[info] 
     ######## #### ########  ######## ########     ###     ######  ########
     ##        ##  ##     ## ##       ##     ##  ##   ##  ##       ##
     ######    ##  ########  ######   ########  #########  ######  ######
     ##        ##  ##    ##  ##       ##     ## ##     ##       ## ##
     ##       #### ##     ## ######## ########  ##     ##  ######  ########

You're about to initialize a Firebase project in this directory:

  C:\Users\joego\Desktop\Joe\Code\Projects\react-shop

[debug] [2022-10-06T22:38:15.214Z] <<< [apiv2][status] GET https://firebase-public.firebaseio.com/cli.json 200
[debug] [2022-10-06T22:38:15.215Z] <<< [apiv2][body] GET https://firebase-public.firebaseio.com/cli.json {"cloudBuildErrorAfter":1594252800000,"cloudBuildWarnAfter":1590019200000,"defaultNode10After":1594252800000,"minVersion":"3.0.5","node8DeploysDisabledAfter":1613390400000,"node8RuntimeDisabledAfter":1615809600000,"node8WarnAfter":1600128000000}
